[uploader]2021/12/09 20:20:42 utils.go:37: 打开文件失败, error: open E:/新建 文本文档.bmp: The system cannot find the file specified.
[uploader]2021/12/09 20:20:42 uploadFile.go:52: http client error Put "a2d0fc79-ac16-4fae-b2ef-efffaad96f77.sql": unsupported protocol scheme ""
[uploader]2021/12/09 20:21:44 utils.go:37: 打开文件失败, error: open E:/新建 文本文档.bmp: The system cannot find the file specified.
[uploader]2021/12/09 20:21:44 uploadFile.go:52: http client error Put "0c4b1e3b-e735-494d-9f9b-17de846a7033.jsp": unsupported protocol scheme ""
[uploader]2021/12/12 23:05:28 utils.go:41: 打开文件失败, error: open E:/新建 文本文档.bmp: The system cannot find the file specified.
[uploader]2021/12/12 23:05:42 uploadFile.go:100: 获取阿里云桶失败，error：bucket name picBed can only include lowercase letters, numbers, and -
[uploader]2021/12/12 23:08:44 utils.go:41: 打开文件失败, error: open E:/新建 文本文档.bmp: The system cannot find the file specified.
[uploader]2021/12/12 23:08:46 uploadFile.go:102: 获取阿里云桶失败，error：bucket name picBed can only include lowercase letters, numbers, and -
[uploader]2021/12/12 23:10:28 uploadFile.go:102: 获取阿里云桶失败，error：bucket name picBed can only include lowercase letters, numbers, and -
[uploader]2021/12/12 23:11:31 uploadFile.go:102: 获取阿里云桶失败，error：bucket name /picBed/ can only include lowercase letters, numbers, and -
[uploader]2021/12/12 23:14:12 uploadFile.go:109: 阿里云上传失败，error：oss: service returned error: StatusCode=400, ErrorCode=InvalidBucketName, ErrorMessage="The specified bucket is not valid.", RequestId=61B611C41B08F73039E00254
[uploader]2021/12/12 23:15:12 uploadFile.go:109: 阿里云上传失败，error：oss: service returned error: StatusCode=400, ErrorCode=InvalidBucketName, ErrorMessage="The specified bucket is not valid.", RequestId=61B61200E63D7B3038796252
[uploader]2021/12/12 23:34:38 uploadFile.go:102: 获取阿里云桶失败，error：bucket name even0306/picBed can only include lowercase letters, numbers, and -
[uploader]2021/12/13 20:45:13 run.go:122: 没有匹配到该文件格式
[uploader]2021/12/13 20:45:21 run.go:122: 没有匹配到该文件格式
[uploader]2021/12/13 20:45:49 run.go:122: 没有匹配到该文件格式
[uploader]2021/12/13 20:46:16 run.go:122: 没有匹配到该文件格式
[uploader]2021/12/13 20:46:51 run.go:122: 没有匹配到该文件格式
[uploader]2021/12/13 21:20:48 run.go:122: 没有匹配到该文件格式
[uploader]2021/12/14 22:27:54 utils.go:41: 打开文件失败, error: open E:/aaa.bb: The system cannot find the file specified.
[uploader]2021/12/14 22:28:00 utils.go:41: 打开文件失败, error: open E:/aaa.bb: The system cannot find the file specified.
[uploader]2021/12/14 22:30:50 utils.go:41: 打开文件失败, error: open E:/aaa.bb: The system cannot find the file specified.
[uploader]2021/12/14 22:31:31 utils.go:41: 打开文件失败, error: open E:/aaa.bb: The system cannot find the file specified.
[uploader]2021/12/14 22:34:28 utils.go:41: 打开文件失败, error: open E:/aaa.bb: The system cannot find the file specified.
[uploader]2021/12/14 22:35:18 utils.go:41: 打开文件失败, error: open E:/aaa.bb: The system cannot find the file specified.
[uploader]2021/12/14 22:35:19 fileExt.go:112: 文件不存在
[uploader]2021/12/14 22:35:33 utils.go:41: 打开文件失败, error: open E:/aaa.bb: The system cannot find the file specified.
[uploader]2021/12/14 22:35:38 fileExt.go:113: 文件不存在
